<?xml version="1.0" encoding="UTF-8"?>
<!-- Generated by org.testng.reporters.JUnitReportReporter -->
<testsuite skipped="0" hostname="DESKTOP-E0P43S0" name="com.orange.hrm.AppTest" tests="1" failures="0" timestamp="23 May 2023 23:10:33 GMT" time="0.017" errors="0">
  <testcase name="testApp" time="0.017" classname="com.orange.hrm.AppTest"/>
</testsuite> <!-- com.orange.hrm.AppTest -->
